platforms/android/app/build/intermediates/manifest_merge_blame_file/release/manifest-merger-blame-release-report.txt
1<?xml version="1.0" encoding="utf-8"?>
2<manifest xmlns:android="http://schemas.android.com/apk/res/android"
3    package="com.vishnuraghav.enrecipes"
4    android:versionCode="4"
5    android:versionName="1.1.3" >
6
7    <uses-sdk
8        android:minSdkVersion="21"
8-->src/main/AndroidManifest.xml
9        android:targetSdkVersion="29" />
9-->src/main/AndroidManifest.xml
10
11    <supports-screens
11-->src/main/AndroidManifest.xml:3:2-136
12        android:largeScreens="true"
12-->src/main/AndroidManifest.xml:3:77-104
13        android:normalScreens="true"
13-->src/main/AndroidManifest.xml:3:48-76
14        android:smallScreens="true"
14-->src/main/AndroidManifest.xml:3:20-47
15        android:xlargeScreens="true" />
15-->src/main/AndroidManifest.xml:3:105-133
16    <!-- <uses-feature android:name="android.hardware.camera" /> -->
17    <uses-permission android:name="android.permission.READ_EXTERNAL_STORAGE" />
17-->src/main/AndroidManifest.xml:6:2-77
17-->src/main/AndroidManifest.xml:6:19-74
18    <uses-permission android:name="android.permission.WRITE_EXTERNAL_STORAGE" />
18-->src/main/AndroidManifest.xml:7:2-78
18-->src/main/AndroidManifest.xml:7:19-75
19    <uses-permission android:name="android.permission.WAKE_LOCK" />
19-->src/main/AndroidManifest.xml:8:2-65
19-->src/main/AndroidManifest.xml:8:19-62
20
21    <application
21-->src/main/AndroidManifest.xml:12:2-21:16
22        android:name="com.tns.NativeScriptApplication"
22-->src/main/AndroidManifest.xml:12:15-61
23        android:allowBackup="true"
23-->src/main/AndroidManifest.xml:12:62-88
24        android:appComponentFactory="androidx.core.app.CoreComponentFactory"
24-->[androidx.core:core:1.3.0] AndroidManifest.xml:24:18-86
25        android:hardwareAccelerated="true"
25-->src/main/AndroidManifest.xml:12:159-193
26        android:icon="@drawable/ic_launcher"
26-->src/main/AndroidManifest.xml:12:89-125
27        android:label="@string/app_name"
27-->src/main/AndroidManifest.xml:12:126-158
28        android:largeHeap="true"
28-->src/main/AndroidManifest.xml:12:194-218
29        android:requestLegacyExternalStorage="true"
29-->src/main/AndroidManifest.xml:12:251-294
30        android:theme="@style/AppTheme" >
30-->src/main/AndroidManifest.xml:12:219-250
31        <activity
31-->src/main/AndroidManifest.xml:13:3-19:14
32            android:name="com.tns.NativeScriptActivity"
32-->src/main/AndroidManifest.xml:13:13-56
33            android:configChanges="keyboard|keyboardHidden|orientation|screenSize|smallestScreenSize|screenLayout|locale|uiMode"
33-->src/main/AndroidManifest.xml:13:144-260
34            android:label="@string/title_activity_kimera"
34-->src/main/AndroidManifest.xml:13:57-102
35            android:screenOrientation="userPortrait"
35-->src/main/AndroidManifest.xml:13:103-143
36            android:theme="@style/LaunchScreenTheme"
36-->src/main/AndroidManifest.xml:13:261-301
37            android:windowSoftInputMode="adjustResize" >
37-->src/main/AndroidManifest.xml:13:302-344
38            <meta-data
38-->src/main/AndroidManifest.xml:14:4-87
39                android:name="SET_THEME_ON_LAUNCH"
39-->src/main/AndroidManifest.xml:14:15-49
40                android:resource="@style/AppTheme" />
40-->src/main/AndroidManifest.xml:14:50-84
41
42            <intent-filter>
42-->src/main/AndroidManifest.xml:15:4-18:20
43                <action android:name="android.intent.action.MAIN" />
43-->src/main/AndroidManifest.xml:16:5-57
43-->src/main/AndroidManifest.xml:16:13-54
44
45                <category android:name="android.intent.category.LAUNCHER" />
45-->src/main/AndroidManifest.xml:17:5-65
45-->src/main/AndroidManifest.xml:17:15-62
46            </intent-filter>
47        </activity>
48        <activity android:name="com.tns.ErrorReportActivity" />
48-->src/main/AndroidManifest.xml:20:3-58
48-->src/main/AndroidManifest.xml:20:13-55
49
50        <provider
50-->[:social_share:] AndroidManifest.xml:10:9-18:20
51            android:name="androidx.core.content.FileProvider"
51-->[:social_share:] AndroidManifest.xml:11:13-62
52            android:authorities="com.vishnuraghav.enrecipes.provider"
52-->[:social_share:] AndroidManifest.xml:12:13-60
53            android:exported="false"
53-->[:social_share:] AndroidManifest.xml:13:13-37
54            android:grantUriPermissions="true" >
54-->[:social_share:] AndroidManifest.xml:14:13-47
55            <meta-data
55-->[:social_share:] AndroidManifest.xml:15:13-17:58
56                android:name="android.support.FILE_PROVIDER_PATHS"
56-->[:social_share:] AndroidManifest.xml:16:17-67
57                android:resource="@xml/provider_paths" />
57-->[:social_share:] AndroidManifest.xml:17:17-55
58        </provider>
59
60        <activity
60-->[:nativescript_imagecropper:] AndroidManifest.xml:10:9-12:52
61            android:name="com.yalantis.ucrop.UCropActivity"
61-->[:nativescript_imagecropper:] AndroidManifest.xml:11:13-60
62            android:screenOrientation="portrait" />
62-->[:nativescript_imagecropper:] AndroidManifest.xml:12:13-49
63    </application>
64
65</manifest>